2025/03/07 10:43:32 [emerg] 1#1: directive "index" is not terminated by ";" in /etc/nginx/conf.d/default.conf:7
2025/03/07 10:44:44 [emerg] 1#1: directive "index" is not terminated by ";" in /etc/nginx/conf.d/default.conf:7
2025/03/07 10:44:49 [emerg] 1#1: directive "index" is not terminated by ";" in /etc/nginx/conf.d/default.conf:7
2025/03/07 10:44:57 [emerg] 1#1: directive "index" is not terminated by ";" in /etc/nginx/conf.d/default.conf:7
2025/03/07 10:45:04 [emerg] 1#1: directive "index" is not terminated by ";" in /etc/nginx/conf.d/default.conf:7
2025/03/07 10:46:07 [emerg] 1#1: directive "index" is not terminated by ";" in /etc/nginx/conf.d/default.conf:7
2025/03/07 10:46:28 [emerg] 1#1: directive "index" is not terminated by ";" in /etc/nginx/conf.d/default.conf:7
2025/03/07 10:46:36 [emerg] 1#1: directive "index" is not terminated by ";" in /etc/nginx/conf.d/default.conf:7
2025/03/07 10:47:04 [emerg] 1#1: directive "index" is not terminated by ";" in /etc/nginx/conf.d/default.conf:7
2025/03/07 10:47:23 [emerg] 1#1: directive "index" is not terminated by ";" in /etc/nginx/conf.d/default.conf:7
2025/03/07 10:47:40 [notice] 1#1: using the "epoll" event method
2025/03/07 10:47:40 [notice] 1#1: nginx/1.27.4
2025/03/07 10:47:40 [notice] 1#1: built by gcc 12.2.0 (Debian 12.2.0-14) 
2025/03/07 10:47:40 [notice] 1#1: OS: Linux 6.10.14-linuxkit
2025/03/07 10:47:40 [notice] 1#1: getrlimit(RLIMIT_NOFILE): 1048576:1048576
2025/03/07 10:47:40 [notice] 1#1: start worker processes
2025/03/07 10:47:40 [notice] 1#1: start worker process 28
2025/03/07 10:47:40 [notice] 1#1: start worker process 29
2025/03/07 10:47:40 [notice] 1#1: start worker process 30
2025/03/07 10:47:40 [notice] 1#1: start worker process 31
2025/03/07 10:47:40 [notice] 1#1: start worker process 32
2025/03/07 10:47:40 [notice] 1#1: start worker process 33
2025/03/07 10:47:40 [notice] 1#1: start worker process 34
2025/03/07 10:47:40 [notice] 1#1: start worker process 35
2025/03/07 10:47:40 [notice] 1#1: start worker process 36
2025/03/07 10:47:40 [notice] 1#1: start worker process 37
2025/03/07 10:47:40 [notice] 1#1: start worker process 38
2025/03/07 10:47:40 [notice] 1#1: start worker process 39
2025/03/07 10:49:31 [notice] 1#1: signal 3 (SIGQUIT) received, shutting down
2025/03/07 10:49:31 [notice] 28#28: gracefully shutting down
2025/03/07 10:49:31 [notice] 28#28: exiting
2025/03/07 10:49:31 [notice] 30#30: gracefully shutting down
2025/03/07 10:49:31 [notice] 30#30: exiting
2025/03/07 10:49:31 [notice] 33#33: gracefully shutting down
2025/03/07 10:49:31 [notice] 32#32: gracefully shutting down
2025/03/07 10:49:31 [notice] 32#32: exiting
2025/03/07 10:49:31 [notice] 36#36: gracefully shutting down
2025/03/07 10:49:31 [notice] 31#31: gracefully shutting down
2025/03/07 10:49:31 [notice] 37#37: gracefully shutting down
2025/03/07 10:49:31 [notice] 38#38: gracefully shutting down
2025/03/07 10:49:31 [notice] 38#38: exiting
2025/03/07 10:49:31 [notice] 39#39: gracefully shutting down
2025/03/07 10:49:31 [notice] 34#34: gracefully shutting down
2025/03/07 10:49:31 [notice] 34#34: exiting
2025/03/07 10:49:31 [notice] 29#29: gracefully shutting down
2025/03/07 10:49:31 [notice] 29#29: exiting
2025/03/07 10:49:31 [notice] 35#35: gracefully shutting down
2025/03/07 10:49:31 [notice] 28#28: exit
2025/03/07 10:49:31 [notice] 30#30: exit
2025/03/07 10:49:31 [notice] 33#33: exiting
2025/03/07 10:49:31 [notice] 32#32: exit
2025/03/07 10:49:31 [notice] 36#36: exiting
2025/03/07 10:49:31 [notice] 37#37: exiting
2025/03/07 10:49:31 [notice] 38#38: exit
2025/03/07 10:49:31 [notice] 39#39: exiting
2025/03/07 10:49:31 [notice] 34#34: exit
2025/03/07 10:49:31 [notice] 29#29: exit
2025/03/07 10:49:31 [notice] 35#35: exiting
2025/03/07 10:49:31 [notice] 33#33: exit
2025/03/07 10:49:31 [notice] 36#36: exit
2025/03/07 10:49:31 [notice] 37#37: exit
2025/03/07 10:49:31 [notice] 39#39: exit
2025/03/07 10:49:31 [notice] 35#35: exit
2025/03/07 10:49:31 [notice] 1#1: signal 17 (SIGCHLD) received from 35
2025/03/07 10:49:31 [notice] 1#1: worker process 32 exited with code 0
2025/03/07 10:49:31 [notice] 1#1: worker process 35 exited with code 0
2025/03/07 10:49:31 [notice] 1#1: signal 29 (SIGIO) received
2025/03/07 10:49:31 [notice] 1#1: signal 17 (SIGCHLD) received from 28
2025/03/07 10:49:31 [notice] 1#1: worker process 28 exited with code 0
2025/03/07 10:49:31 [notice] 1#1: signal 29 (SIGIO) received
2025/03/07 10:49:31 [notice] 1#1: signal 17 (SIGCHLD) received from 33
2025/03/07 10:49:31 [notice] 1#1: worker process 30 exited with code 0
2025/03/07 10:49:31 [notice] 1#1: worker process 33 exited with code 0
2025/03/07 10:49:31 [notice] 1#1: worker process 34 exited with code 0
2025/03/07 10:49:31 [notice] 1#1: worker process 38 exited with code 0
2025/03/07 10:49:31 [notice] 1#1: signal 17 (SIGCHLD) received from 38
2025/03/07 10:49:31 [notice] 1#1: signal 29 (SIGIO) received
2025/03/07 10:49:31 [notice] 1#1: signal 17 (SIGCHLD) received from 39
2025/03/07 10:49:31 [notice] 1#1: worker process 29 exited with code 0
2025/03/07 10:49:31 [notice] 1#1: worker process 36 exited with code 0
2025/03/07 10:49:31 [notice] 1#1: worker process 37 exited with code 0
2025/03/07 10:49:31 [notice] 1#1: worker process 39 exited with code 0
2025/03/07 10:49:31 [notice] 1#1: signal 29 (SIGIO) received
2025/03/07 10:49:31 [notice] 1#1: signal 17 (SIGCHLD) received from 36
2025/03/07 10:49:48 [notice] 1#1: using the "epoll" event method
2025/03/07 10:49:48 [notice] 1#1: nginx/1.27.4
2025/03/07 10:49:48 [notice] 1#1: built by gcc 12.2.0 (Debian 12.2.0-14) 
2025/03/07 10:49:48 [notice] 1#1: OS: Linux 6.10.14-linuxkit
2025/03/07 10:49:48 [notice] 1#1: getrlimit(RLIMIT_NOFILE): 1048576:1048576
2025/03/07 10:49:48 [notice] 1#1: start worker processes
2025/03/07 10:49:48 [notice] 1#1: start worker process 28
2025/03/07 10:49:48 [notice] 1#1: start worker process 29
2025/03/07 10:49:48 [notice] 1#1: start worker process 30
2025/03/07 10:49:48 [notice] 1#1: start worker process 31
2025/03/07 10:49:48 [notice] 1#1: start worker process 32
2025/03/07 10:49:48 [notice] 1#1: start worker process 33
2025/03/07 10:49:48 [notice] 1#1: start worker process 34
2025/03/07 10:49:48 [notice] 1#1: start worker process 35
2025/03/07 10:49:48 [notice] 1#1: start worker process 36
2025/03/07 10:49:48 [notice] 1#1: start worker process 37
2025/03/07 10:49:48 [notice] 1#1: start worker process 38
2025/03/07 10:49:48 [notice] 1#1: start worker process 39
2025/03/07 10:49:56 [error] 29#29: *1 open() "/var/src/favicon.ico" failed (2: No such file or directory), client: 192.168.65.1, server: localhost, request: "GET /favicon.ico HTTP/1.1", host: "localhost", referrer: "http://localhost/"
2025/03/07 10:52:16 [notice] 1#1: signal 3 (SIGQUIT) received, shutting down
2025/03/07 10:52:16 [notice] 28#28: gracefully shutting down
2025/03/07 10:52:16 [notice] 35#35: gracefully shutting down
2025/03/07 10:52:16 [notice] 33#33: gracefully shutting down
2025/03/07 10:52:16 [notice] 34#34: gracefully shutting down
2025/03/07 10:52:16 [notice] 34#34: exiting
2025/03/07 10:52:16 [notice] 29#29: gracefully shutting down
2025/03/07 10:52:16 [notice] 30#30: gracefully shutting down
2025/03/07 10:52:16 [notice] 32#32: gracefully shutting down
2025/03/07 10:52:16 [notice] 31#31: gracefully shutting down
2025/03/07 10:52:16 [notice] 39#39: gracefully shutting down
2025/03/07 10:52:16 [notice] 39#39: exiting
2025/03/07 10:52:16 [notice] 38#38: gracefully shutting down
2025/03/07 10:52:16 [notice] 38#38: exiting
2025/03/07 10:52:16 [notice] 36#36: gracefully shutting down
2025/03/07 10:52:16 [notice] 36#36: exiting
2025/03/07 10:52:16 [notice] 37#37: gracefully shutting down
2025/03/07 10:52:16 [notice] 28#28: exiting
2025/03/07 10:52:16 [notice] 35#35: exiting
2025/03/07 10:52:16 [notice] 33#33: exiting
2025/03/07 10:52:16 [notice] 34#34: exit
2025/03/07 10:52:16 [notice] 33#33: exit
2025/03/07 10:52:16 [notice] 29#29: exiting
2025/03/07 10:52:16 [notice] 30#30: exiting
2025/03/07 10:52:16 [notice] 32#32: exiting
2025/03/07 10:52:16 [notice] 39#39: exit
2025/03/07 10:52:16 [notice] 38#38: exit
2025/03/07 10:52:16 [notice] 36#36: exit
2025/03/07 10:52:16 [notice] 37#37: exiting
2025/03/07 10:52:16 [notice] 28#28: exit
2025/03/07 10:52:16 [notice] 35#35: exit
2025/03/07 10:52:16 [notice] 29#29: exit
2025/03/07 10:52:16 [notice] 30#30: exit
2025/03/07 10:52:16 [notice] 32#32: exit
2025/03/07 10:52:16 [notice] 37#37: exit
2025/03/07 10:52:16 [notice] 1#1: signal 17 (SIGCHLD) received from 33
2025/03/07 10:52:16 [notice] 1#1: worker process 29 exited with code 0
2025/03/07 10:52:16 [notice] 1#1: worker process 33 exited with code 0
2025/03/07 10:52:16 [notice] 1#1: worker process 34 exited with code 0
2025/03/07 10:52:16 [notice] 1#1: signal 29 (SIGIO) received
2025/03/07 10:52:16 [notice] 1#1: signal 17 (SIGCHLD) received from 39
2025/03/07 10:52:16 [notice] 1#1: worker process 28 exited with code 0
2025/03/07 10:52:16 [notice] 1#1: worker process 30 exited with code 0
2025/03/07 10:52:16 [notice] 1#1: worker process 32 exited with code 0
2025/03/07 10:52:16 [notice] 1#1: worker process 35 exited with code 0
2025/03/07 10:52:16 [notice] 1#1: worker process 36 exited with code 0
2025/03/07 10:52:16 [notice] 1#1: worker process 38 exited with code 0
2025/03/07 10:52:16 [notice] 1#1: worker process 39 exited with code 0
2025/03/07 10:52:16 [notice] 1#1: signal 29 (SIGIO) received
2025/03/07 10:52:16 [notice] 1#1: signal 17 (SIGCHLD) received from 35
2025/03/07 10:52:16 [notice] 1#1: signal 17 (SIGCHLD) received from 37
2025/03/07 10:52:16 [notice] 1#1: worker process 37 exited with code 0
2025/03/07 10:52:16 [notice] 1#1: signal 29 (SIGIO) received
